{"/Users/8ventures/Developer/Codeworks/legacy-project/smart-trip/server/app.ts": {"path":"/Users/8ventures/Developer/Codeworks/legacy-project/smart-trip/server/app.ts","statementMap":{"0":{"start":{"line":1,"column":0},"end":{"line":1,"column":30}},"1":{"start":{"line":2,"column":0},"end":{"line":2,"column":30}},"2":{"start":{"line":3,"column":0},"end":{"line":3,"column":24}},"3":{"start":{"line":5,"column":12},"end":{"line":5,"column":21}},"4":{"start":{"line":6,"column":0},"end":{"line":6,"column":16}},"5":{"start":{"line":7,"column":0},"end":{"line":7,"column":24}},"6":{"start":{"line":8,"column":0},"end":{"line":8,"column":16}},"7":{"start":{"line":10,"column":0},"end":{"line":12,"column":3}},"8":{"start":{"line":11,"column":2},"end":{"line":11,"column":42}},"9":{"start":{"line":14,"column":0},"end":{"line":14,"column":19}}},"fnMap":{"0":{"name":"(anonymous_1)","decl":{"start":{"line":10,"column":16},"end":{"line":10,"column":17}},"loc":{"start":{"line":10,"column":65},"end":{"line":12,"column":1}}}},"branchMap":{},"s":{"0":1,"1":1,"2":1,"3":1,"4":1,"5":1,"6":1,"7":1,"8":5,"9":1},"f":{"0":5},"b":{}}
,"/Users/8ventures/Developer/Codeworks/legacy-project/smart-trip/server/config.ts": {"path":"/Users/8ventures/Developer/Codeworks/legacy-project/smart-trip/server/config.ts","statementMap":{"0":{"start":{"line":1,"column":0},"end":{"line":1,"column":46}},"1":{"start":{"line":3,"column":13},"end":{"line":3,"column":49}},"2":{"start":{"line":4,"column":13},"end":{"line":4,"column":52}},"3":{"start":{"line":5,"column":23},"end":{"line":5,"column":49}},"4":{"start":{"line":7,"column":0},"end":{"line":11,"column":2}}},"fnMap":{},"branchMap":{"0":{"loc":{"start":{"line":3,"column":13},"end":{"line":3,"column":49}},"type":"binary-expr","locations":[{"start":{"line":3,"column":13},"end":{"line":3,"column":34}},{"start":{"line":3,"column":38},"end":{"line":3,"column":49}}]},"1":{"loc":{"start":{"line":4,"column":13},"end":{"line":4,"column":52}},"type":"binary-expr","locations":[{"start":{"line":4,"column":13},"end":{"line":4,"column":44}},{"start":{"line":4,"column":48},"end":{"line":4,"column":52}}]}},"s":{"0":1,"1":1,"2":1,"3":1,"4":1},"f":{},"b":{"0":[1,0],"1":[1,0]}}
,"/Users/8ventures/Developer/Codeworks/legacy-project/smart-trip/server/router.ts": {"path":"/Users/8ventures/Developer/Codeworks/legacy-project/smart-trip/server/router.ts","statementMap":{"0":{"start":{"line":2,"column":0},"end":{"line":2,"column":29}},"1":{"start":{"line":3,"column":0},"end":{"line":3,"column":65}},"2":{"start":{"line":4,"column":15},"end":{"line":4,"column":23}},"3":{"start":{"line":6,"column":0},"end":{"line":6,"column":52}},"4":{"start":{"line":8,"column":0},"end":{"line":8,"column":22}}},"fnMap":{},"branchMap":{},"s":{"0":1,"1":1,"2":1,"3":1,"4":1},"f":{},"b":{}}
,"/Users/8ventures/Developer/Codeworks/legacy-project/smart-trip/server/controllers/openAI.controllers.ts": {"path":"/Users/8ventures/Developer/Codeworks/legacy-project/smart-trip/server/controllers/openAI.controllers.ts","statementMap":{"0":{"start":{"line":10,"column":27},"end":{"line":10,"column":50}},"1":{"start":{"line":13,"column":22},"end":{"line":13,"column":37}},"2":{"start":{"line":14,"column":28},"end":{"line":14,"column":31}},"3":{"start":{"line":15,"column":27},"end":{"line":15,"column":30}},"4":{"start":{"line":17,"column":33},"end":{"line":64,"column":2}},"5":{"start":{"line":18,"column":27},"end":{"line":63,"column":null}},"6":{"start":{"line":19,"column":38},"end":{"line":19,"column":40}},"7":{"start":{"line":21,"column":33},"end":{"line":24,"column":6}},"8":{"start":{"line":26,"column":4},"end":{"line":26,"column":37}},"9":{"start":{"line":28,"column":37},"end":{"line":33,"column":6}},"10":{"start":{"line":35,"column":33},"end":{"line":43,"column":6}},"11":{"start":{"line":45,"column":4},"end":{"line":62,"column":null}},"12":{"start":{"line":46,"column":23},"end":{"line":48,"column":null}},"13":{"start":{"line":51,"column":6},"end":{"line":58,"column":null}},"14":{"start":{"line":52,"column":43},"end":{"line":52,"column":64}},"15":{"start":{"line":53,"column":8},"end":{"line":53,"column":61}},"16":{"start":{"line":54,"column":8},"end":{"line":54,"column":43}},"17":{"start":{"line":56,"column":30},"end":{"line":56,"column":51}},"18":{"start":{"line":57,"column":8},"end":{"line":57,"column":44}},"19":{"start":{"line":60,"column":6},"end":{"line":60,"column":27}},"20":{"start":{"line":61,"column":6},"end":{"line":61,"column":52}},"21":{"start":{"line":65,"column":0},"end":{"line":65,"column":27}}},"fnMap":{"0":{"name":"(anonymous_7)","decl":{"start":{"line":18,"column":8},"end":{"line":18,"column":15}},"loc":{"start":{"line":18,"column":27},"end":{"line":63,"column":null}}},"1":{"name":"(anonymous_8)","decl":{"start":{"line":18,"column":27},"end":{"line":18,"column":null}},"loc":{"start":{"line":18,"column":27},"end":{"line":63,"column":3}}}},"branchMap":{"0":{"loc":{"start":{"line":51,"column":6},"end":{"line":58,"column":null}},"type":"if","locations":[{"start":{"line":51,"column":6},"end":{"line":58,"column":null}},{"start":{"line":55,"column":13},"end":{"line":58,"column":null}}]}},"s":{"0":1,"1":1,"2":1,"3":1,"4":1,"5":3,"6":3,"7":3,"8":3,"9":3,"10":3,"11":3,"12":3,"13":3,"14":1,"15":1,"16":1,"17":2,"18":2,"19":0,"20":0,"21":1},"f":{"0":3,"1":3},"b":{"0":[1,2]}}
}
