TN:
SF:app.ts
FN:10,(anonymous_1)
FNF:1
FNH:1
FNDA:5,(anonymous_1)
DA:1,1
DA:2,1
DA:3,1
DA:5,1
DA:6,1
DA:7,1
DA:8,1
DA:10,1
DA:11,5
DA:14,1
LF:10
LH:10
BRF:0
BRH:0
end_of_record
TN:
SF:config.ts
FNF:0
FNH:0
DA:1,1
DA:3,1
DA:4,1
DA:5,1
DA:7,1
LF:5
LH:5
BRDA:3,0,0,1
BRDA:3,0,1,0
BRDA:4,1,0,1
BRDA:4,1,1,0
BRF:4
BRH:2
end_of_record
TN:
SF:router.ts
FNF:0
FNH:0
DA:2,1
DA:3,1
DA:4,1
DA:6,1
DA:8,1
LF:5
LH:5
BRF:0
BRH:0
end_of_record
TN:
SF:controllers/openAI.controllers.ts
FN:18,(anonymous_7)
FN:18,(anonymous_8)
FNF:2
FNH:2
FNDA:3,(anonymous_7)
FNDA:3,(anonymous_8)
DA:10,1
DA:13,1
DA:14,1
DA:15,1
DA:17,1
DA:18,3
DA:19,3
DA:21,3
DA:26,3
DA:28,3
DA:35,3
DA:45,3
DA:46,3
DA:51,3
DA:52,1
DA:53,1
DA:54,1
DA:56,2
DA:57,2
DA:60,0
DA:61,0
DA:65,1
LF:22
LH:20
BRDA:51,0,0,1
BRDA:51,0,1,2
BRF:2
BRH:2
end_of_record
