{"/Users/8ventures/Developer/Codeworks/legacy-project/smart-trip/client/src/App.tsx": {"path":"/Users/8ventures/Developer/Codeworks/legacy-project/smart-trip/client/src/App.tsx","statementMap":{"0":{"start":{"line":17,"column":2},"end":{"line":37,"column":3}}},"fnMap":{"0":{"name":"App","decl":{"start":{"line":15,"column":9},"end":{"line":15,"column":12}},"loc":{"start":{"line":15,"column":15},"end":{"line":38,"column":1}},"line":15}},"branchMap":{},"s":{"0":0},"f":{"0":0},"b":{}}
,"/Users/8ventures/Developer/Codeworks/legacy-project/smart-trip/client/src/TravelAdvisorAPI.ts": {"path":"/Users/8ventures/Developer/Codeworks/legacy-project/smart-trip/client/src/TravelAdvisorAPI.ts","statementMap":{"0":{"start":{"line":3,"column":29},"end":{"line":24,"column":1}},"1":{"start":{"line":4,"column":2},"end":{"line":23,"column":3}},"2":{"start":{"line":5,"column":31},"end":{"line":16,"column":6}},"3":{"start":{"line":18,"column":4},"end":{"line":18,"column":22}},"4":{"start":{"line":20,"column":4},"end":{"line":20,"column":16}},"5":{"start":{"line":22,"column":4},"end":{"line":22,"column":23}}},"fnMap":{"0":{"name":"(anonymous_0)","decl":{"start":{"line":3,"column":29},"end":{"line":3,"column":30}},"loc":{"start":{"line":3,"column":71},"end":{"line":24,"column":1}},"line":3}},"branchMap":{},"s":{"0":0,"1":0,"2":0,"3":0,"4":0,"5":0},"f":{"0":0},"b":{}}
,"/Users/8ventures/Developer/Codeworks/legacy-project/smart-trip/client/src/firebase.config.ts": {"path":"/Users/8ventures/Developer/Codeworks/legacy-project/smart-trip/client/src/firebase.config.ts","statementMap":{"0":{"start":{"line":4,"column":23},"end":{"line":11,"column":1}},"1":{"start":{"line":14,"column":0},"end":{"line":14,"column":30}},"2":{"start":{"line":15,"column":18},"end":{"line":15,"column":32}}},"fnMap":{},"branchMap":{},"s":{"0":0,"1":0,"2":0},"f":{},"b":{}}
,"/Users/8ventures/Developer/Codeworks/legacy-project/smart-trip/client/src/index.tsx": {"path":"/Users/8ventures/Developer/Codeworks/legacy-project/smart-trip/client/src/index.tsx","statementMap":{"0":{"start":{"line":8,"column":13},"end":{"line":8,"column":80}},"1":{"start":{"line":9,"column":0},"end":{"line":13,"column":2}},"2":{"start":{"line":15,"column":0},"end":{"line":15,"column":18}}},"fnMap":{},"branchMap":{},"s":{"0":0,"1":0,"2":0},"f":{},"b":{}}
,"/Users/8ventures/Developer/Codeworks/legacy-project/smart-trip/client/src/mockPlaces.ts": {"path":"/Users/8ventures/Developer/Codeworks/legacy-project/smart-trip/client/src/mockPlaces.ts","statementMap":{"0":{"start":{"line":3,"column":35},"end":{"line":165,"column":1}}},"fnMap":{},"branchMap":{},"s":{"0":2},"f":{},"b":{},"_coverageSchema":"1a1c01bbd47fc00a2c39e90264f33305004495a9","hash":"dc8970108fe8bc68773e7a45d2427473aeac16ee"}
,"/Users/8ventures/Developer/Codeworks/legacy-project/smart-trip/client/src/reportWebVitals.ts": {"path":"/Users/8ventures/Developer/Codeworks/legacy-project/smart-trip/client/src/reportWebVitals.ts","statementMap":{"0":{"start":{"line":3,"column":24},"end":{"line":13,"column":1}},"1":{"start":{"line":4,"column":2},"end":{"line":12,"column":3}},"2":{"start":{"line":5,"column":4},"end":{"line":11,"column":7}},"3":{"start":{"line":6,"column":6},"end":{"line":6,"column":26}},"4":{"start":{"line":7,"column":6},"end":{"line":7,"column":26}},"5":{"start":{"line":8,"column":6},"end":{"line":8,"column":26}},"6":{"start":{"line":9,"column":6},"end":{"line":9,"column":26}},"7":{"start":{"line":10,"column":6},"end":{"line":10,"column":27}}},"fnMap":{"0":{"name":"(anonymous_0)","decl":{"start":{"line":3,"column":24},"end":{"line":3,"column":25}},"loc":{"start":{"line":3,"column":63},"end":{"line":13,"column":1}},"line":3},"1":{"name":"(anonymous_1)","decl":{"start":{"line":5,"column":30},"end":{"line":5,"column":31}},"loc":{"start":{"line":5,"column":79},"end":{"line":11,"column":5}},"line":5}},"branchMap":{"0":{"loc":{"start":{"line":4,"column":2},"end":{"line":12,"column":3}},"type":"if","locations":[{"start":{"line":4,"column":2},"end":{"line":12,"column":3}},{"start":{},"end":{}}],"line":4},"1":{"loc":{"start":{"line":4,"column":6},"end":{"line":4,"column":52}},"type":"binary-expr","locations":[{"start":{"line":4,"column":6},"end":{"line":4,"column":17}},{"start":{"line":4,"column":21},"end":{"line":4,"column":52}}],"line":4}},"s":{"0":0,"1":0,"2":0,"3":0,"4":0,"5":0,"6":0,"7":0},"f":{"0":0,"1":0},"b":{"0":[0,0],"1":[0,0]}}
,"/Users/8ventures/Developer/Codeworks/legacy-project/smart-trip/client/src/types.ts": {"path":"/Users/8ventures/Developer/Codeworks/legacy-project/smart-trip/client/src/types.ts","statementMap":{},"fnMap":{},"branchMap":{},"s":{},"f":{},"b":{}}
,"/Users/8ventures/Developer/Codeworks/legacy-project/smart-trip/client/src/useAuthStatus.ts": {"path":"/Users/8ventures/Developer/Codeworks/legacy-project/smart-trip/client/src/useAuthStatus.ts","statementMap":{"0":{"start":{"line":4,"column":29},"end":{"line":26,"column":1}},"1":{"start":{"line":5,"column":34},"end":{"line":5,"column":49}},"2":{"start":{"line":6,"column":46},"end":{"line":6,"column":60}},"3":{"start":{"line":7,"column":20},"end":{"line":7,"column":32}},"4":{"start":{"line":9,"column":2},"end":{"line":23,"column":18}},"5":{"start":{"line":10,"column":4},"end":{"line":18,"column":5}},"6":{"start":{"line":11,"column":19},"end":{"line":11,"column":28}},"7":{"start":{"line":12,"column":6},"end":{"line":17,"column":9}},"8":{"start":{"line":13,"column":8},"end":{"line":15,"column":9}},"9":{"start":{"line":14,"column":10},"end":{"line":14,"column":28}},"10":{"start":{"line":16,"column":8},"end":{"line":16,"column":33}},"11":{"start":{"line":20,"column":4},"end":{"line":22,"column":6}},"12":{"start":{"line":21,"column":6},"end":{"line":21,"column":32}},"13":{"start":{"line":25,"column":2},"end":{"line":25,"column":38}}},"fnMap":{"0":{"name":"(anonymous_0)","decl":{"start":{"line":4,"column":29},"end":{"line":4,"column":30}},"loc":{"start":{"line":4,"column":35},"end":{"line":26,"column":1}},"line":4},"1":{"name":"(anonymous_1)","decl":{"start":{"line":9,"column":12},"end":{"line":9,"column":13}},"loc":{"start":{"line":9,"column":18},"end":{"line":23,"column":3}},"line":9},"2":{"name":"(anonymous_2)","decl":{"start":{"line":12,"column":31},"end":{"line":12,"column":32}},"loc":{"start":{"line":12,"column":41},"end":{"line":17,"column":7}},"line":12},"3":{"name":"(anonymous_3)","decl":{"start":{"line":20,"column":11},"end":{"line":20,"column":12}},"loc":{"start":{"line":20,"column":17},"end":{"line":22,"column":5}},"line":20}},"branchMap":{"0":{"loc":{"start":{"line":10,"column":4},"end":{"line":18,"column":5}},"type":"if","locations":[{"start":{"line":10,"column":4},"end":{"line":18,"column":5}},{"start":{},"end":{}}],"line":10},"1":{"loc":{"start":{"line":13,"column":8},"end":{"line":15,"column":9}},"type":"if","locations":[{"start":{"line":13,"column":8},"end":{"line":15,"column":9}},{"start":{},"end":{}}],"line":13}},"s":{"0":0,"1":0,"2":0,"3":0,"4":0,"5":0,"6":0,"7":0,"8":0,"9":0,"10":0,"11":0,"12":0,"13":0},"f":{"0":0,"1":0,"2":0,"3":0},"b":{"0":[0,0],"1":[0,0]}}
,"/Users/8ventures/Developer/Codeworks/legacy-project/smart-trip/client/src/apiService/openAI.apiService.ts": {"path":"/Users/8ventures/Developer/Codeworks/legacy-project/smart-trip/client/src/apiService/openAI.apiService.ts","statementMap":{"0":{"start":{"line":32,"column":31},"end":{"line":38,"column":3}},"1":{"start":{"line":39,"column":2},"end":{"line":51,"column":3}},"2":{"start":{"line":40,"column":21},"end":{"line":40,"column":78}},"3":{"start":{"line":41,"column":4},"end":{"line":47,"column":5}},"4":{"start":{"line":42,"column":41},"end":{"line":42,"column":62}},"5":{"start":{"line":43,"column":6},"end":{"line":43,"column":26}},"6":{"start":{"line":45,"column":35},"end":{"line":45,"column":56}},"7":{"start":{"line":46,"column":6},"end":{"line":46,"column":27}},"8":{"start":{"line":49,"column":4},"end":{"line":49,"column":25}},"9":{"start":{"line":50,"column":4},"end":{"line":50,"column":35}}},"fnMap":{"0":{"name":"sendMessageToChatGPT","decl":{"start":{"line":31,"column":15},"end":{"line":31,"column":35}},"loc":{"start":{"line":31,"column":53},"end":{"line":52,"column":1}},"line":31}},"branchMap":{"0":{"loc":{"start":{"line":41,"column":4},"end":{"line":47,"column":5}},"type":"if","locations":[{"start":{"line":41,"column":4},"end":{"line":47,"column":5}},{"start":{"line":44,"column":11},"end":{"line":47,"column":5}}],"line":41}},"s":{"0":0,"1":0,"2":0,"3":0,"4":0,"5":0,"6":0,"7":0,"8":0,"9":0},"f":{"0":0},"b":{"0":[0,0]}}
,"/Users/8ventures/Developer/Codeworks/legacy-project/smart-trip/client/src/components/OAuth.tsx": {"path":"/Users/8ventures/Developer/Codeworks/legacy-project/smart-trip/client/src/components/OAuth.tsx","statementMap":{"0":{"start":{"line":10,"column":19},"end":{"line":10,"column":32}},"1":{"start":{"line":11,"column":19},"end":{"line":11,"column":32}},"2":{"start":{"line":13,"column":24},"end":{"line":36,"column":3}},"3":{"start":{"line":14,"column":4},"end":{"line":35,"column":5}},"4":{"start":{"line":15,"column":19},"end":{"line":15,"column":28}},"5":{"start":{"line":16,"column":23},"end":{"line":16,"column":47}},"6":{"start":{"line":17,"column":21},"end":{"line":17,"column":58}},"7":{"start":{"line":18,"column":19},"end":{"line":18,"column":30}},"8":{"start":{"line":21,"column":21},"end":{"line":21,"column":47}},"9":{"start":{"line":22,"column":22},"end":{"line":22,"column":42}},"10":{"start":{"line":25,"column":6},"end":{"line":31,"column":7}},"11":{"start":{"line":26,"column":8},"end":{"line":30,"column":10}},"12":{"start":{"line":32,"column":6},"end":{"line":32,"column":19}},"13":{"start":{"line":34,"column":6},"end":{"line":34,"column":52}},"14":{"start":{"line":38,"column":2},"end":{"line":45,"column":3}}},"fnMap":{"0":{"name":"OAuth","decl":{"start":{"line":9,"column":9},"end":{"line":9,"column":14}},"loc":{"start":{"line":9,"column":17},"end":{"line":46,"column":1}},"line":9},"1":{"name":"(anonymous_1)","decl":{"start":{"line":13,"column":24},"end":{"line":13,"column":25}},"loc":{"start":{"line":13,"column":36},"end":{"line":36,"column":3}},"line":13}},"branchMap":{"0":{"loc":{"start":{"line":25,"column":6},"end":{"line":31,"column":7}},"type":"if","locations":[{"start":{"line":25,"column":6},"end":{"line":31,"column":7}},{"start":{},"end":{}}],"line":25},"1":{"loc":{"start":{"line":40,"column":15},"end":{"line":40,"column":61}},"type":"cond-expr","locations":[{"start":{"line":40,"column":50},"end":{"line":40,"column":54}},{"start":{"line":40,"column":57},"end":{"line":40,"column":61}}],"line":40}},"s":{"0":0,"1":0,"2":0,"3":0,"4":0,"5":0,"6":0,"7":0,"8":0,"9":0,"10":0,"11":0,"12":0,"13":0,"14":0},"f":{"0":0,"1":0},"b":{"0":[0,0],"1":[0,0]}}
,"/Users/8ventures/Developer/Codeworks/legacy-project/smart-trip/client/src/components/PrivateRoute.tsx": {"path":"/Users/8ventures/Developer/Codeworks/legacy-project/smart-trip/client/src/components/PrivateRoute.tsx","statementMap":{"0":{"start":{"line":6,"column":21},"end":{"line":14,"column":1}},"1":{"start":{"line":7,"column":39},"end":{"line":7,"column":54}},"2":{"start":{"line":9,"column":2},"end":{"line":11,"column":3}},"3":{"start":{"line":10,"column":4},"end":{"line":10,"column":22}},"4":{"start":{"line":13,"column":2},"end":{"line":13,"column":59}}},"fnMap":{"0":{"name":"(anonymous_0)","decl":{"start":{"line":6,"column":21},"end":{"line":6,"column":22}},"loc":{"start":{"line":6,"column":27},"end":{"line":14,"column":1}},"line":6}},"branchMap":{"0":{"loc":{"start":{"line":9,"column":2},"end":{"line":11,"column":3}},"type":"if","locations":[{"start":{"line":9,"column":2},"end":{"line":11,"column":3}},{"start":{},"end":{}}],"line":9},"1":{"loc":{"start":{"line":13,"column":9},"end":{"line":13,"column":59}},"type":"cond-expr","locations":[{"start":{"line":13,"column":20},"end":{"line":13,"column":30}},{"start":{"line":13,"column":33},"end":{"line":13,"column":59}}],"line":13}},"s":{"0":0,"1":0,"2":0,"3":0,"4":0},"f":{"0":0},"b":{"0":[0,0],"1":[0,0]}}
,"/Users/8ventures/Developer/Codeworks/legacy-project/smart-trip/client/src/components/Header/Header.tsx": {"path":"/Users/8ventures/Developer/Codeworks/legacy-project/smart-trip/client/src/components/Header/Header.tsx","statementMap":{"0":{"start":{"line":14,"column":15},"end":{"line":33,"column":1}},"1":{"start":{"line":15,"column":19},"end":{"line":15,"column":32}},"2":{"start":{"line":16,"column":2},"end":{"line":32,"column":4}},"3":{"start":{"line":18,"column":82},"end":{"line":18,"column":95}}},"fnMap":{"0":{"name":"(anonymous_0)","decl":{"start":{"line":14,"column":15},"end":{"line":14,"column":16}},"loc":{"start":{"line":14,"column":71},"end":{"line":33,"column":1}},"line":14},"1":{"name":"(anonymous_1)","decl":{"start":{"line":18,"column":76},"end":{"line":18,"column":77}},"loc":{"start":{"line":18,"column":82},"end":{"line":18,"column":95}},"line":18}},"branchMap":{},"s":{"0":1,"1":2,"2":2,"3":0},"f":{"0":2,"1":0},"b":{},"_coverageSchema":"1a1c01bbd47fc00a2c39e90264f33305004495a9","hash":"f1d3960b0edca3ac7035b7a8e20e5f6f687302a9"}
,"/Users/8ventures/Developer/Codeworks/legacy-project/smart-trip/client/src/components/List/List.tsx": {"path":"/Users/8ventures/Developer/Codeworks/legacy-project/smart-trip/client/src/components/List/List.tsx","statementMap":{"0":{"start":{"line":15,"column":13},"end":{"line":42,"column":1}},"1":{"start":{"line":16,"column":2},"end":{"line":41,"column":4}},"2":{"start":{"line":27,"column":69},"end":{"line":27,"column":92}},"3":{"start":{"line":35,"column":14},"end":{"line":35,"column":51}}},"fnMap":{"0":{"name":"(anonymous_0)","decl":{"start":{"line":15,"column":13},"end":{"line":15,"column":14}},"loc":{"start":{"line":15,"column":64},"end":{"line":42,"column":1}},"line":15},"1":{"name":"(anonymous_1)","decl":{"start":{"line":27,"column":62},"end":{"line":27,"column":63}},"loc":{"start":{"line":27,"column":69},"end":{"line":27,"column":92}},"line":27},"2":{"name":"(anonymous_2)","decl":{"start":{"line":34,"column":25},"end":{"line":34,"column":26}},"loc":{"start":{"line":35,"column":14},"end":{"line":35,"column":51}},"line":35}},"branchMap":{"0":{"loc":{"start":{"line":19,"column":7},"end":{"line":39,"column":7}},"type":"cond-expr","locations":[{"start":{"line":20,"column":8},"end":{"line":22,"column":14}},{"start":{"line":24,"column":8},"end":{"line":38,"column":11}}],"line":19}},"s":{"0":1,"1":3,"2":1,"3":2},"f":{"0":3,"1":1,"2":2},"b":{"0":[1,2]},"_coverageSchema":"1a1c01bbd47fc00a2c39e90264f33305004495a9","hash":"fc51f9be1be89aad380030ddf816e2bc38239cd0"}
,"/Users/8ventures/Developer/Codeworks/legacy-project/smart-trip/client/src/components/Map/Map.tsx": {"path":"/Users/8ventures/Developer/Codeworks/legacy-project/smart-trip/client/src/components/Map/Map.tsx","statementMap":{"0":{"start":{"line":19,"column":12},"end":{"line":166,"column":1}},"1":{"start":{"line":25,"column":18},"end":{"line":27,"column":3}},"2":{"start":{"line":29,"column":25},"end":{"line":32,"column":3}},"3":{"start":{"line":34,"column":24},"end":{"line":34,"column":95}},"4":{"start":{"line":34,"column":39},"end":{"line":34,"column":90}},"5":{"start":{"line":35,"column":30},"end":{"line":35,"column":53}},"6":{"start":{"line":36,"column":46},"end":{"line":36,"column":84}},"7":{"start":{"line":38,"column":23},"end":{"line":42,"column":4}},"8":{"start":{"line":44,"column":24},"end":{"line":44,"column":38}},"9":{"start":{"line":45,"column":17},"end":{"line":45,"column":53}},"10":{"start":{"line":47,"column":20},"end":{"line":49,"column":8}},"11":{"start":{"line":48,"column":4},"end":{"line":48,"column":17}},"12":{"start":{"line":51,"column":17},"end":{"line":86,"column":3}},"13":{"start":{"line":53,"column":21},"end":{"line":53,"column":58}},"14":{"start":{"line":54,"column":6},"end":{"line":54,"column":25}},"15":{"start":{"line":55,"column":22},"end":{"line":55,"column":25}},"16":{"start":{"line":56,"column":6},"end":{"line":61,"column":8}},"17":{"start":{"line":62,"column":6},"end":{"line":67,"column":8}},"18":{"start":{"line":68,"column":6},"end":{"line":68,"column":28}},"19":{"start":{"line":70,"column":17},"end":{"line":70,"column":38}},"20":{"start":{"line":71,"column":17},"end":{"line":71,"column":38}},"21":{"start":{"line":73,"column":6},"end":{"line":73,"column":31}},"22":{"start":{"line":74,"column":6},"end":{"line":74,"column":73}},"23":{"start":{"line":75,"column":6},"end":{"line":78,"column":9}},"24":{"start":{"line":80,"column":6},"end":{"line":81,"column":44}},"25":{"start":{"line":83,"column":6},"end":{"line":83,"column":27}},"26":{"start":{"line":88,"column":16},"end":{"line":110,"column":3}},"27":{"start":{"line":90,"column":6},"end":{"line":107,"column":7}},"28":{"start":{"line":91,"column":26},"end":{"line":91,"column":38}},"29":{"start":{"line":92,"column":24},"end":{"line":92,"column":26}},"30":{"start":{"line":94,"column":8},"end":{"line":94,"column":40}},"31":{"start":{"line":95,"column":8},"end":{"line":95,"column":40}},"32":{"start":{"line":97,"column":23},"end":{"line":97,"column":49}},"33":{"start":{"line":98,"column":19},"end":{"line":98,"column":41}},"34":{"start":{"line":99,"column":19},"end":{"line":99,"column":41}},"35":{"start":{"line":101,"column":8},"end":{"line":101,"column":29}},"36":{"start":{"line":102,"column":8},"end":{"line":102,"column":34}},"37":{"start":{"line":103,"column":8},"end":{"line":106,"column":11}},"38":{"start":{"line":112,"column":2},"end":{"line":116,"column":30}},"39":{"start":{"line":113,"column":4},"end":{"line":115,"column":5}},"40":{"start":{"line":114,"column":6},"end":{"line":114,"column":28}},"41":{"start":{"line":118,"column":2},"end":{"line":165,"column":4}},"42":{"start":{"line":129,"column":8},"end":{"line":141,"column":10}},"43":{"start":{"line":137,"column":12},"end":{"line":139,"column":41}},"44":{"start":{"line":154,"column":30},"end":{"line":154,"column":58}}},"fnMap":{"0":{"name":"(anonymous_0)","decl":{"start":{"line":19,"column":12},"end":{"line":19,"column":13}},"loc":{"start":{"line":24,"column":16},"end":{"line":166,"column":1}},"line":24},"1":{"name":"(anonymous_1)","decl":{"start":{"line":34,"column":32},"end":{"line":34,"column":33}},"loc":{"start":{"line":34,"column":39},"end":{"line":34,"column":90}},"line":34},"2":{"name":"callback","decl":{"start":{"line":47,"column":41},"end":{"line":47,"column":49}},"loc":{"start":{"line":47,"column":52},"end":{"line":49,"column":3}},"line":47},"3":{"name":"callback","decl":{"start":{"line":52,"column":13},"end":{"line":52,"column":21}},"loc":{"start":{"line":52,"column":44},"end":{"line":84,"column":5}},"line":52},"4":{"name":"(anonymous_4)","decl":{"start":{"line":89,"column":4},"end":{"line":89,"column":5}},"loc":{"start":{"line":89,"column":35},"end":{"line":108,"column":5}},"line":89},"5":{"name":"(anonymous_5)","decl":{"start":{"line":112,"column":12},"end":{"line":112,"column":13}},"loc":{"start":{"line":112,"column":18},"end":{"line":116,"column":3}},"line":112},"6":{"name":"(anonymous_6)","decl":{"start":{"line":128,"column":19},"end":{"line":128,"column":20}},"loc":{"start":{"line":129,"column":8},"end":{"line":141,"column":10}},"line":129},"7":{"name":"(anonymous_7)","decl":{"start":{"line":136,"column":19},"end":{"line":136,"column":20}},"loc":{"start":{"line":136,"column":25},"end":{"line":140,"column":11}},"line":136},"8":{"name":"(anonymous_8)","decl":{"start":{"line":154,"column":24},"end":{"line":154,"column":25}},"loc":{"start":{"line":154,"column":30},"end":{"line":154,"column":58}},"line":154}},"branchMap":{"0":{"loc":{"start":{"line":90,"column":6},"end":{"line":107,"column":7}},"type":"if","locations":[{"start":{"line":90,"column":6},"end":{"line":107,"column":7}},{"start":{},"end":{}}],"line":90},"1":{"loc":{"start":{"line":113,"column":4},"end":{"line":115,"column":5}},"type":"if","locations":[{"start":{"line":113,"column":4},"end":{"line":115,"column":5}},{"start":{},"end":{}}],"line":113},"2":{"loc":{"start":{"line":118,"column":9},"end":{"line":165,"column":3}},"type":"cond-expr","locations":[{"start":{"line":119,"column":4},"end":{"line":162,"column":16}},{"start":{"line":164,"column":4},"end":{"line":164,"column":9}}],"line":118},"3":{"loc":{"start":{"line":137,"column":12},"end":{"line":139,"column":40}},"type":"cond-expr","locations":[{"start":{"line":138,"column":16},"end":{"line":138,"column":44}},{"start":{"line":139,"column":16},"end":{"line":139,"column":40}}],"line":137},"4":{"loc":{"start":{"line":143,"column":7},"end":{"line":161,"column":7}},"type":"binary-expr","locations":[{"start":{"line":143,"column":7},"end":{"line":143,"column":21}},{"start":{"line":144,"column":8},"end":{"line":160,"column":21}}],"line":143}},"s":{"0":0,"1":0,"2":0,"3":0,"4":0,"5":0,"6":0,"7":0,"8":0,"9":0,"10":0,"11":0,"12":0,"13":0,"14":0,"15":0,"16":0,"17":0,"18":0,"19":0,"20":0,"21":0,"22":0,"23":0,"24":0,"25":0,"26":0,"27":0,"28":0,"29":0,"30":0,"31":0,"32":0,"33":0,"34":0,"35":0,"36":0,"37":0,"38":0,"39":0,"40":0,"41":0,"42":0,"43":0,"44":0},"f":{"0":0,"1":0,"2":0,"3":0,"4":0,"5":0,"6":0,"7":0,"8":0},"b":{"0":[0,0],"1":[0,0],"2":[0,0],"3":[0,0],"4":[0,0]}}
,"/Users/8ventures/Developer/Codeworks/legacy-project/smart-trip/client/src/components/Map/mapStyling.ts": {"path":"/Users/8ventures/Developer/Codeworks/legacy-project/smart-trip/client/src/components/Map/mapStyling.ts","statementMap":{"0":{"start":{"line":2,"column":26},"end":{"line":168,"column":1}}},"fnMap":{},"branchMap":{},"s":{"0":0},"f":{},"b":{}}
,"/Users/8ventures/Developer/Codeworks/legacy-project/smart-trip/client/src/components/Navbar/Navbar.tsx": {"path":"/Users/8ventures/Developer/Codeworks/legacy-project/smart-trip/client/src/components/Navbar/Navbar.tsx","statementMap":{"0":{"start":{"line":9,"column":19},"end":{"line":9,"column":32}},"1":{"start":{"line":10,"column":19},"end":{"line":10,"column":32}},"2":{"start":{"line":12,"column":25},"end":{"line":16,"column":3}},"3":{"start":{"line":13,"column":4},"end":{"line":15,"column":5}},"4":{"start":{"line":14,"column":6},"end":{"line":14,"column":17}},"5":{"start":{"line":18,"column":2},"end":{"line":73,"column":3}},"6":{"start":{"line":22,"column":56},"end":{"line":22,"column":76}},"7":{"start":{"line":38,"column":56},"end":{"line":38,"column":73}},"8":{"start":{"line":54,"column":56},"end":{"line":54,"column":76}}},"fnMap":{"0":{"name":"Navbar","decl":{"start":{"line":8,"column":9},"end":{"line":8,"column":15}},"loc":{"start":{"line":8,"column":18},"end":{"line":74,"column":1}},"line":8},"1":{"name":"(anonymous_1)","decl":{"start":{"line":12,"column":25},"end":{"line":12,"column":26}},"loc":{"start":{"line":12,"column":44},"end":{"line":16,"column":3}},"line":12},"2":{"name":"(anonymous_2)","decl":{"start":{"line":22,"column":50},"end":{"line":22,"column":51}},"loc":{"start":{"line":22,"column":56},"end":{"line":22,"column":76}},"line":22},"3":{"name":"(anonymous_3)","decl":{"start":{"line":38,"column":50},"end":{"line":38,"column":51}},"loc":{"start":{"line":38,"column":56},"end":{"line":38,"column":73}},"line":38},"4":{"name":"(anonymous_4)","decl":{"start":{"line":54,"column":50},"end":{"line":54,"column":51}},"loc":{"start":{"line":54,"column":56},"end":{"line":54,"column":76}},"line":54}},"branchMap":{"0":{"loc":{"start":{"line":13,"column":4},"end":{"line":15,"column":5}},"type":"if","locations":[{"start":{"line":13,"column":4},"end":{"line":15,"column":5}},{"start":{},"end":{}}],"line":13},"1":{"loc":{"start":{"line":24,"column":20},"end":{"line":24,"column":70}},"type":"cond-expr","locations":[{"start":{"line":24,"column":49},"end":{"line":24,"column":58}},{"start":{"line":24,"column":61},"end":{"line":24,"column":70}}],"line":24},"2":{"loc":{"start":{"line":30,"column":16},"end":{"line":32,"column":40}},"type":"cond-expr","locations":[{"start":{"line":31,"column":20},"end":{"line":31,"column":46}},{"start":{"line":32,"column":20},"end":{"line":32,"column":40}}],"line":30},"3":{"loc":{"start":{"line":40,"column":20},"end":{"line":40,"column":67}},"type":"cond-expr","locations":[{"start":{"line":40,"column":46},"end":{"line":40,"column":55}},{"start":{"line":40,"column":58},"end":{"line":40,"column":67}}],"line":40},"4":{"loc":{"start":{"line":46,"column":16},"end":{"line":48,"column":40}},"type":"cond-expr","locations":[{"start":{"line":47,"column":20},"end":{"line":47,"column":46}},{"start":{"line":48,"column":20},"end":{"line":48,"column":40}}],"line":46},"5":{"loc":{"start":{"line":56,"column":20},"end":{"line":56,"column":70}},"type":"cond-expr","locations":[{"start":{"line":56,"column":49},"end":{"line":56,"column":58}},{"start":{"line":56,"column":61},"end":{"line":56,"column":70}}],"line":56},"6":{"loc":{"start":{"line":62,"column":16},"end":{"line":64,"column":40}},"type":"cond-expr","locations":[{"start":{"line":63,"column":20},"end":{"line":63,"column":46}},{"start":{"line":64,"column":20},"end":{"line":64,"column":40}}],"line":62}},"s":{"0":5,"1":5,"2":5,"3":30,"4":4,"5":5,"6":1,"7":1,"8":0},"f":{"0":5,"1":30,"2":1,"3":1,"4":0},"b":{"0":[4,26],"1":[1,4],"2":[1,4],"3":[1,4],"4":[1,4],"5":[0,5],"6":[0,5]},"_coverageSchema":"1a1c01bbd47fc00a2c39e90264f33305004495a9","hash":"93995a52190d731ad5317a9c8f7ee29488a6ff7f"}
,"/Users/8ventures/Developer/Codeworks/legacy-project/smart-trip/client/src/components/PlaceDetails/PlaceDetails.tsx": {"path":"/Users/8ventures/Developer/Codeworks/legacy-project/smart-trip/client/src/components/PlaceDetails/PlaceDetails.tsx","statementMap":{"0":{"start":{"line":9,"column":21},"end":{"line":63,"column":1}},"1":{"start":{"line":11,"column":2},"end":{"line":62,"column":4}},"2":{"start":{"line":36,"column":10},"end":{"line":38,"column":16}},"3":{"start":{"line":53,"column":33},"end":{"line":53,"column":69}},"4":{"start":{"line":56,"column":33},"end":{"line":56,"column":69}}},"fnMap":{"0":{"name":"(anonymous_0)","decl":{"start":{"line":9,"column":21},"end":{"line":9,"column":22}},"loc":{"start":{"line":9,"column":55},"end":{"line":63,"column":1}},"line":9},"1":{"name":"(anonymous_1)","decl":{"start":{"line":35,"column":29},"end":{"line":35,"column":30}},"loc":{"start":{"line":36,"column":10},"end":{"line":38,"column":16}},"line":36},"2":{"name":"(anonymous_2)","decl":{"start":{"line":53,"column":27},"end":{"line":53,"column":28}},"loc":{"start":{"line":53,"column":33},"end":{"line":53,"column":69}},"line":53},"3":{"name":"(anonymous_3)","decl":{"start":{"line":56,"column":27},"end":{"line":56,"column":28}},"loc":{"start":{"line":56,"column":33},"end":{"line":56,"column":69}},"line":56}},"branchMap":{"0":{"loc":{"start":{"line":17,"column":12},"end":{"line":19,"column":117}},"type":"cond-expr","locations":[{"start":{"line":18,"column":16},"end":{"line":18,"column":44}},{"start":{"line":19,"column":16},"end":{"line":19,"column":117}}],"line":17},"1":{"loc":{"start":{"line":40,"column":9},"end":{"line":45,"column":9}},"type":"binary-expr","locations":[{"start":{"line":40,"column":9},"end":{"line":40,"column":23}},{"start":{"line":41,"column":10},"end":{"line":44,"column":15}}],"line":40},"2":{"loc":{"start":{"line":46,"column":9},"end":{"line":51,"column":9}},"type":"binary-expr","locations":[{"start":{"line":46,"column":9},"end":{"line":46,"column":21}},{"start":{"line":47,"column":10},"end":{"line":50,"column":15}}],"line":46}},"s":{"0":2,"1":4,"2":20,"3":1,"4":1},"f":{"0":4,"1":20,"2":1,"3":1},"b":{"0":[4,0],"1":[4,4],"2":[4,4]},"_coverageSchema":"1a1c01bbd47fc00a2c39e90264f33305004495a9","hash":"17b0d59cf3321f7b7b6920eb06cc494197d474c6"}
,"/Users/8ventures/Developer/Codeworks/legacy-project/smart-trip/client/src/components/Search/Search.tsx": {"path":"/Users/8ventures/Developer/Codeworks/legacy-project/smart-trip/client/src/components/Search/Search.tsx","statementMap":{"0":{"start":{"line":16,"column":15},"end":{"line":105,"column":1}},"1":{"start":{"line":17,"column":36},"end":{"line":17,"column":65}},"2":{"start":{"line":18,"column":29},"end":{"line":18,"column":49}},"3":{"start":{"line":25,"column":6},"end":{"line":25,"column":29}},"4":{"start":{"line":29,"column":29},"end":{"line":32,"column":3}},"5":{"start":{"line":30,"column":4},"end":{"line":30,"column":23}},"6":{"start":{"line":31,"column":4},"end":{"line":31,"column":23}},"7":{"start":{"line":34,"column":22},"end":{"line":37,"column":3}},"8":{"start":{"line":35,"column":4},"end":{"line":35,"column":28}},"9":{"start":{"line":36,"column":4},"end":{"line":36,"column":29}},"10":{"start":{"line":39,"column":23},"end":{"line":54,"column":3}},"11":{"start":{"line":40,"column":4},"end":{"line":40,"column":33}},"12":{"start":{"line":41,"column":4},"end":{"line":41,"column":25}},"13":{"start":{"line":42,"column":27},"end":{"line":52,"column":5}},"14":{"start":{"line":43,"column":6},"end":{"line":51,"column":7}},"15":{"start":{"line":44,"column":24},"end":{"line":44,"column":67}},"16":{"start":{"line":45,"column":8},"end":{"line":45,"column":28}},"17":{"start":{"line":46,"column":29},"end":{"line":46,"column":50}},"18":{"start":{"line":47,"column":8},"end":{"line":47,"column":40}},"19":{"start":{"line":48,"column":8},"end":{"line":48,"column":37}},"20":{"start":{"line":50,"column":8},"end":{"line":50,"column":40}},"21":{"start":{"line":53,"column":4},"end":{"line":53,"column":21}},"22":{"start":{"line":56,"column":28},"end":{"line":81,"column":3}},"23":{"start":{"line":57,"column":24},"end":{"line":74,"column":6}},"24":{"start":{"line":61,"column":10},"end":{"line":61,"column":20}},"25":{"start":{"line":62,"column":6},"end":{"line":73,"column":8}},"26":{"start":{"line":66,"column":25},"end":{"line":66,"column":49}},"27":{"start":{"line":76,"column":4},"end":{"line":80,"column":5}},"28":{"start":{"line":83,"column":2},"end":{"line":104,"column":4}}},"fnMap":{"0":{"name":"(anonymous_0)","decl":{"start":{"line":16,"column":15},"end":{"line":16,"column":16}},"loc":{"start":{"line":16,"column":72},"end":{"line":105,"column":1}},"line":16},"1":{"name":"(anonymous_1)","decl":{"start":{"line":29,"column":29},"end":{"line":29,"column":30}},"loc":{"start":{"line":29,"column":35},"end":{"line":32,"column":3}},"line":29},"2":{"name":"(anonymous_2)","decl":{"start":{"line":34,"column":22},"end":{"line":34,"column":23}},"loc":{"start":{"line":34,"column":60},"end":{"line":37,"column":3}},"line":34},"3":{"name":"(anonymous_3)","decl":{"start":{"line":39,"column":23},"end":{"line":39,"column":24}},"loc":{"start":{"line":39,"column":54},"end":{"line":54,"column":3}},"line":39},"4":{"name":"(anonymous_4)","decl":{"start":{"line":42,"column":27},"end":{"line":42,"column":28}},"loc":{"start":{"line":42,"column":39},"end":{"line":52,"column":5}},"line":42},"5":{"name":"(anonymous_5)","decl":{"start":{"line":56,"column":28},"end":{"line":56,"column":29}},"loc":{"start":{"line":56,"column":47},"end":{"line":81,"column":3}},"line":56},"6":{"name":"(anonymous_6)","decl":{"start":{"line":57,"column":33},"end":{"line":57,"column":34}},"loc":{"start":{"line":57,"column":74},"end":{"line":74,"column":5}},"line":57},"7":{"name":"(anonymous_7)","decl":{"start":{"line":66,"column":19},"end":{"line":66,"column":20}},"loc":{"start":{"line":66,"column":25},"end":{"line":66,"column":49}},"line":66}},"branchMap":{"0":{"loc":{"start":{"line":94,"column":7},"end":{"line":102,"column":7}},"type":"binary-expr","locations":[{"start":{"line":94,"column":7},"end":{"line":94,"column":22}},{"start":{"line":95,"column":8},"end":{"line":101,"column":11}}],"line":94}},"s":{"0":2,"1":6,"2":6,"3":6,"4":6,"5":0,"6":0,"7":6,"8":1,"9":1,"10":6,"11":0,"12":0,"13":0,"14":0,"15":0,"16":0,"17":0,"18":0,"19":0,"20":0,"21":0,"22":6,"23":0,"24":0,"25":0,"26":0,"27":0,"28":6},"f":{"0":6,"1":0,"2":1,"3":0,"4":0,"5":0,"6":0,"7":0},"b":{"0":[6,0]},"_coverageSchema":"1a1c01bbd47fc00a2c39e90264f33305004495a9","hash":"c72783da5ae4544d5ee010bf28c72b63a063d593"}
,"/Users/8ventures/Developer/Codeworks/legacy-project/smart-trip/client/src/components/Spinner/Spinner.tsx": {"path":"/Users/8ventures/Developer/Codeworks/legacy-project/smart-trip/client/src/components/Spinner/Spinner.tsx","statementMap":{"0":{"start":{"line":4,"column":16},"end":{"line":6,"column":1}},"1":{"start":{"line":5,"column":2},"end":{"line":5,"column":55}}},"fnMap":{"0":{"name":"(anonymous_0)","decl":{"start":{"line":4,"column":16},"end":{"line":4,"column":17}},"loc":{"start":{"line":5,"column":2},"end":{"line":5,"column":55}},"line":5}},"branchMap":{},"s":{"0":2,"1":3},"f":{"0":3},"b":{},"_coverageSchema":"1a1c01bbd47fc00a2c39e90264f33305004495a9","hash":"ac9509094a542b227ed06835ea1202b02f174514"}
,"/Users/8ventures/Developer/Codeworks/legacy-project/smart-trip/client/src/pages/Chat/Chat.tsx": {"path":"/Users/8ventures/Developer/Codeworks/legacy-project/smart-trip/client/src/pages/Chat/Chat.tsx","statementMap":{"0":{"start":{"line":21,"column":40},"end":{"line":21,"column":52}},"1":{"start":{"line":22,"column":40},"end":{"line":25,"column":4}},"2":{"start":{"line":26,"column":40},"end":{"line":26,"column":60}},"3":{"start":{"line":27,"column":40},"end":{"line":27,"column":55}},"4":{"start":{"line":29,"column":24},"end":{"line":35,"column":3}},"5":{"start":{"line":30,"column":4},"end":{"line":30,"column":23}},"6":{"start":{"line":31,"column":4},"end":{"line":34,"column":7}},"7":{"start":{"line":37,"column":25},"end":{"line":67,"column":3}},"8":{"start":{"line":38,"column":4},"end":{"line":41,"column":9}},"9":{"start":{"line":39,"column":6},"end":{"line":41,"column":9}},"10":{"start":{"line":42,"column":4},"end":{"line":45,"column":5}},"11":{"start":{"line":43,"column":6},"end":{"line":43,"column":38}},"12":{"start":{"line":44,"column":6},"end":{"line":44,"column":52}},"13":{"start":{"line":46,"column":32},"end":{"line":49,"column":5}},"14":{"start":{"line":50,"column":4},"end":{"line":50,"column":42}},"15":{"start":{"line":51,"column":4},"end":{"line":51,"column":23}},"16":{"start":{"line":52,"column":4},"end":{"line":52,"column":25}},"17":{"start":{"line":53,"column":21},"end":{"line":53,"column":60}},"18":{"start":{"line":54,"column":4},"end":{"line":54,"column":26}},"19":{"start":{"line":55,"column":4},"end":{"line":66,"column":5}},"20":{"start":{"line":56,"column":6},"end":{"line":58,"column":9}},"21":{"start":{"line":60,"column":40},"end":{"line":63,"column":7}},"22":{"start":{"line":64,"column":6},"end":{"line":64,"column":50}},"23":{"start":{"line":65,"column":6},"end":{"line":65,"column":34}},"24":{"start":{"line":69,"column":28},"end":{"line":71,"column":3}},"25":{"start":{"line":70,"column":4},"end":{"line":70,"column":35}},"26":{"start":{"line":73,"column":30},"end":{"line":79,"column":3}},"27":{"start":{"line":76,"column":4},"end":{"line":78,"column":5}},"28":{"start":{"line":77,"column":6},"end":{"line":77,"column":23}},"29":{"start":{"line":81,"column":2},"end":{"line":130,"column":4}},"30":{"start":{"line":89,"column":12},"end":{"line":91,"column":17}},"31":{"start":{"line":89,"column":59},"end":{"line":89,"column":79}},"32":{"start":{"line":103,"column":12},"end":{"line":106,"column":17}}},"fnMap":{"0":{"name":"ChatGPT","decl":{"start":{"line":20,"column":9},"end":{"line":20,"column":16}},"loc":{"start":{"line":20,"column":19},"end":{"line":131,"column":1}},"line":20},"1":{"name":"(anonymous_1)","decl":{"start":{"line":29,"column":24},"end":{"line":29,"column":25}},"loc":{"start":{"line":29,"column":30},"end":{"line":35,"column":3}},"line":29},"2":{"name":"(anonymous_2)","decl":{"start":{"line":37,"column":25},"end":{"line":37,"column":26}},"loc":{"start":{"line":37,"column":37},"end":{"line":67,"column":3}},"line":37},"3":{"name":"(anonymous_3)","decl":{"start":{"line":69,"column":28},"end":{"line":69,"column":29}},"loc":{"start":{"line":69,"column":72},"end":{"line":71,"column":3}},"line":69},"4":{"name":"(anonymous_4)","decl":{"start":{"line":73,"column":30},"end":{"line":73,"column":31}},"loc":{"start":{"line":75,"column":7},"end":{"line":79,"column":3}},"line":75},"5":{"name":"(anonymous_5)","decl":{"start":{"line":88,"column":28},"end":{"line":88,"column":29}},"loc":{"start":{"line":89,"column":12},"end":{"line":91,"column":17}},"line":89},"6":{"name":"(anonymous_6)","decl":{"start":{"line":89,"column":53},"end":{"line":89,"column":54}},"loc":{"start":{"line":89,"column":59},"end":{"line":89,"column":79}},"line":89},"7":{"name":"(anonymous_7)","decl":{"start":{"line":102,"column":36},"end":{"line":102,"column":37}},"loc":{"start":{"line":103,"column":12},"end":{"line":106,"column":17}},"line":103}},"branchMap":{"0":{"loc":{"start":{"line":38,"column":4},"end":{"line":41,"column":9}},"type":"if","locations":[{"start":{"line":38,"column":4},"end":{"line":41,"column":9}},{"start":{},"end":{}}],"line":38},"1":{"loc":{"start":{"line":42,"column":4},"end":{"line":45,"column":5}},"type":"if","locations":[{"start":{"line":42,"column":4},"end":{"line":45,"column":5}},{"start":{},"end":{}}],"line":42},"2":{"loc":{"start":{"line":55,"column":4},"end":{"line":66,"column":5}},"type":"if","locations":[{"start":{"line":55,"column":4},"end":{"line":66,"column":5}},{"start":{"line":59,"column":11},"end":{"line":66,"column":5}}],"line":55},"3":{"loc":{"start":{"line":55,"column":8},"end":{"line":55,"column":73}},"type":"binary-expr","locations":[{"start":{"line":55,"column":8},"end":{"line":55,"column":33}},{"start":{"line":55,"column":37},"end":{"line":55,"column":73}}],"line":55},"4":{"loc":{"start":{"line":76,"column":4},"end":{"line":78,"column":5}},"type":"if","locations":[{"start":{"line":76,"column":4},"end":{"line":78,"column":5}},{"start":{},"end":{}}],"line":76},"5":{"loc":{"start":{"line":96,"column":9},"end":{"line":100,"column":9}},"type":"cond-expr","locations":[{"start":{"line":97,"column":10},"end":{"line":97,"column":63}},{"start":{"line":99,"column":10},"end":{"line":99,"column":57}}],"line":96},"6":{"loc":{"start":{"line":125,"column":11},"end":{"line":125,"column":37}},"type":"binary-expr","locations":[{"start":{"line":125,"column":11},"end":{"line":125,"column":22}},{"start":{"line":125,"column":26},"end":{"line":125,"column":37}}],"line":125}},"s":{"0":13,"1":13,"2":13,"3":13,"4":13,"5":1,"6":1,"7":13,"8":3,"9":1,"10":2,"11":2,"12":2,"13":2,"14":2,"15":2,"16":2,"17":2,"18":2,"19":2,"20":1,"21":1,"22":1,"23":1,"24":13,"25":2,"26":13,"27":0,"28":0,"29":13,"30":4,"31":0,"32":5},"f":{"0":13,"1":1,"2":3,"3":2,"4":0,"5":4,"6":0,"7":5},"b":{"0":[1,2],"1":[2,0],"2":[1,1],"3":[2,2],"4":[0,0],"5":[4,9],"6":[13,2]},"_coverageSchema":"1a1c01bbd47fc00a2c39e90264f33305004495a9","hash":"4f12943b1029b3edada1f249fe827c51d39c2824"}
,"/Users/8ventures/Developer/Codeworks/legacy-project/smart-trip/client/src/pages/Explore/Explore.tsx": {"path":"/Users/8ventures/Developer/Codeworks/legacy-project/smart-trip/client/src/pages/Explore/Explore.tsx","statementMap":{"0":{"start":{"line":10,"column":30},"end":{"line":10,"column":51}},"1":{"start":{"line":11,"column":30},"end":{"line":15,"column":31}},"2":{"start":{"line":16,"column":40},"end":{"line":16,"column":52}},"3":{"start":{"line":17,"column":26},"end":{"line":17,"column":49}},"4":{"start":{"line":18,"column":32},"end":{"line":18,"column":47}},"5":{"start":{"line":19,"column":46},"end":{"line":19,"column":80}},"6":{"start":{"line":21,"column":2},"end":{"line":30,"column":21}},"7":{"start":{"line":22,"column":4},"end":{"line":29,"column":5}},"8":{"start":{"line":23,"column":6},"end":{"line":23,"column":23}},"9":{"start":{"line":24,"column":6},"end":{"line":28,"column":9}},"10":{"start":{"line":25,"column":8},"end":{"line":25,"column":25}},"11":{"start":{"line":26,"column":8},"end":{"line":26,"column":95}},"12":{"start":{"line":26,"column":49},"end":{"line":26,"column":92}},"13":{"start":{"line":27,"column":8},"end":{"line":27,"column":26}},"14":{"start":{"line":32,"column":2},"end":{"line":57,"column":4}}},"fnMap":{"0":{"name":"Explore","decl":{"start":{"line":8,"column":9},"end":{"line":8,"column":16}},"loc":{"start":{"line":8,"column":19},"end":{"line":58,"column":1}},"line":8},"1":{"name":"(anonymous_1)","decl":{"start":{"line":21,"column":12},"end":{"line":21,"column":13}},"loc":{"start":{"line":21,"column":18},"end":{"line":30,"column":3}},"line":21},"2":{"name":"(anonymous_2)","decl":{"start":{"line":24,"column":39},"end":{"line":24,"column":40}},"loc":{"start":{"line":24,"column":49},"end":{"line":28,"column":7}},"line":24},"3":{"name":"(anonymous_3)","decl":{"start":{"line":26,"column":31},"end":{"line":26,"column":32}},"loc":{"start":{"line":26,"column":49},"end":{"line":26,"column":92}},"line":26}},"branchMap":{"0":{"loc":{"start":{"line":22,"column":4},"end":{"line":29,"column":5}},"type":"if","locations":[{"start":{"line":22,"column":4},"end":{"line":29,"column":5}},{"start":{},"end":{}}],"line":22},"1":{"loc":{"start":{"line":22,"column":8},"end":{"line":22,"column":30}},"type":"binary-expr","locations":[{"start":{"line":22,"column":8},"end":{"line":22,"column":17}},{"start":{"line":22,"column":21},"end":{"line":22,"column":30}}],"line":22},"2":{"loc":{"start":{"line":26,"column":49},"end":{"line":26,"column":92}},"type":"binary-expr","locations":[{"start":{"line":26,"column":49},"end":{"line":26,"column":59}},{"start":{"line":26,"column":63},"end":{"line":26,"column":92}}],"line":26}},"s":{"0":0,"1":0,"2":0,"3":0,"4":0,"5":0,"6":0,"7":0,"8":0,"9":0,"10":0,"11":0,"12":0,"13":0,"14":0},"f":{"0":0,"1":0,"2":0,"3":0},"b":{"0":[0,0],"1":[0,0],"2":[0,0]}}
,"/Users/8ventures/Developer/Codeworks/legacy-project/smart-trip/client/src/pages/Home/Home.tsx": {"path":"/Users/8ventures/Developer/Codeworks/legacy-project/smart-trip/client/src/pages/Home/Home.tsx","statementMap":{"0":{"start":{"line":4,"column":13},"end":{"line":14,"column":1}},"1":{"start":{"line":6,"column":2},"end":{"line":13,"column":4}}},"fnMap":{"0":{"name":"(anonymous_0)","decl":{"start":{"line":4,"column":13},"end":{"line":4,"column":14}},"loc":{"start":{"line":4,"column":19},"end":{"line":14,"column":1}},"line":4}},"branchMap":{},"s":{"0":0,"1":0},"f":{"0":0},"b":{}}
,"/Users/8ventures/Developer/Codeworks/legacy-project/smart-trip/client/src/pages/User/ForgotPassword.tsx": {"path":"/Users/8ventures/Developer/Codeworks/legacy-project/smart-trip/client/src/pages/User/ForgotPassword.tsx","statementMap":{"0":{"start":{"line":9,"column":28},"end":{"line":9,"column":40}},"1":{"start":{"line":11,"column":19},"end":{"line":11,"column":87}},"2":{"start":{"line":11,"column":63},"end":{"line":11,"column":87}},"3":{"start":{"line":13,"column":19},"end":{"line":22,"column":3}},"4":{"start":{"line":14,"column":4},"end":{"line":14,"column":22}},"5":{"start":{"line":15,"column":4},"end":{"line":21,"column":5}},"6":{"start":{"line":16,"column":19},"end":{"line":16,"column":28}},"7":{"start":{"line":17,"column":6},"end":{"line":17,"column":47}},"8":{"start":{"line":18,"column":6},"end":{"line":18,"column":37}},"9":{"start":{"line":20,"column":6},"end":{"line":20,"column":47}},"10":{"start":{"line":24,"column":2},"end":{"line":53,"column":3}}},"fnMap":{"0":{"name":"ForgotPassword","decl":{"start":{"line":8,"column":9},"end":{"line":8,"column":23}},"loc":{"start":{"line":8,"column":26},"end":{"line":54,"column":1}},"line":8},"1":{"name":"(anonymous_1)","decl":{"start":{"line":11,"column":19},"end":{"line":11,"column":20}},"loc":{"start":{"line":11,"column":63},"end":{"line":11,"column":87}},"line":11},"2":{"name":"(anonymous_2)","decl":{"start":{"line":13,"column":19},"end":{"line":13,"column":20}},"loc":{"start":{"line":13,"column":71},"end":{"line":22,"column":3}},"line":13}},"branchMap":{},"s":{"0":0,"1":0,"2":0,"3":0,"4":0,"5":0,"6":0,"7":0,"8":0,"9":0,"10":0},"f":{"0":0,"1":0,"2":0},"b":{}}
,"/Users/8ventures/Developer/Codeworks/legacy-project/smart-trip/client/src/pages/User/Profile.tsx": {"path":"/Users/8ventures/Developer/Codeworks/legacy-project/smart-trip/client/src/pages/User/Profile.tsx","statementMap":{"0":{"start":{"line":13,"column":15},"end":{"line":13,"column":24}},"1":{"start":{"line":14,"column":44},"end":{"line":14,"column":59}},"2":{"start":{"line":15,"column":34},"end":{"line":18,"column":4}},"3":{"start":{"line":20,"column":26},"end":{"line":20,"column":34}},"4":{"start":{"line":22,"column":2},"end":{"line":30,"column":23}},"5":{"start":{"line":24,"column":6},"end":{"line":29,"column":7}},"6":{"start":{"line":25,"column":8},"end":{"line":28,"column":10}},"7":{"start":{"line":33,"column":19},"end":{"line":33,"column":32}},"8":{"start":{"line":35,"column":19},"end":{"line":38,"column":3}},"9":{"start":{"line":36,"column":4},"end":{"line":36,"column":19}},"10":{"start":{"line":37,"column":4},"end":{"line":37,"column":18}},"11":{"start":{"line":40,"column":19},"end":{"line":58,"column":3}},"12":{"start":{"line":41,"column":4},"end":{"line":57,"column":5}},"13":{"start":{"line":42,"column":6},"end":{"line":53,"column":7}},"14":{"start":{"line":44,"column":8},"end":{"line":46,"column":11}},"15":{"start":{"line":49,"column":24},"end":{"line":49,"column":63}},"16":{"start":{"line":50,"column":8},"end":{"line":52,"column":11}},"17":{"start":{"line":55,"column":6},"end":{"line":55,"column":25}},"18":{"start":{"line":56,"column":6},"end":{"line":56,"column":54}},"19":{"start":{"line":60,"column":19},"end":{"line":65,"column":3}},"20":{"start":{"line":61,"column":4},"end":{"line":64,"column":8}},"21":{"start":{"line":61,"column":32},"end":{"line":64,"column":5}},"22":{"start":{"line":67,"column":2},"end":{"line":112,"column":4}},"23":{"start":{"line":82,"column":14},"end":{"line":82,"column":42}},"24":{"start":{"line":83,"column":14},"end":{"line":83,"column":58}},"25":{"start":{"line":83,"column":46},"end":{"line":83,"column":56}}},"fnMap":{"0":{"name":"Profile","decl":{"start":{"line":12,"column":9},"end":{"line":12,"column":16}},"loc":{"start":{"line":12,"column":19},"end":{"line":113,"column":1}},"line":12},"1":{"name":"(anonymous_1)","decl":{"start":{"line":22,"column":12},"end":{"line":22,"column":13}},"loc":{"start":{"line":22,"column":18},"end":{"line":30,"column":3}},"line":22},"2":{"name":"(anonymous_2)","decl":{"start":{"line":35,"column":19},"end":{"line":35,"column":20}},"loc":{"start":{"line":35,"column":25},"end":{"line":38,"column":3}},"line":35},"3":{"name":"(anonymous_3)","decl":{"start":{"line":40,"column":19},"end":{"line":40,"column":20}},"loc":{"start":{"line":40,"column":31},"end":{"line":58,"column":3}},"line":40},"4":{"name":"(anonymous_4)","decl":{"start":{"line":60,"column":19},"end":{"line":60,"column":20}},"loc":{"start":{"line":60,"column":63},"end":{"line":65,"column":3}},"line":60},"5":{"name":"(anonymous_5)","decl":{"start":{"line":61,"column":16},"end":{"line":61,"column":17}},"loc":{"start":{"line":61,"column":32},"end":{"line":64,"column":5}},"line":61},"6":{"name":"(anonymous_6)","decl":{"start":{"line":81,"column":21},"end":{"line":81,"column":22}},"loc":{"start":{"line":81,"column":27},"end":{"line":84,"column":13}},"line":81},"7":{"name":"(anonymous_7)","decl":{"start":{"line":83,"column":31},"end":{"line":83,"column":32}},"loc":{"start":{"line":83,"column":46},"end":{"line":83,"column":56}},"line":83}},"branchMap":{"0":{"loc":{"start":{"line":24,"column":6},"end":{"line":29,"column":7}},"type":"if","locations":[{"start":{"line":24,"column":6},"end":{"line":29,"column":7}},{"start":{},"end":{}}],"line":24},"1":{"loc":{"start":{"line":42,"column":6},"end":{"line":53,"column":7}},"type":"if","locations":[{"start":{"line":42,"column":6},"end":{"line":53,"column":7}},{"start":{},"end":{}}],"line":42},"2":{"loc":{"start":{"line":82,"column":14},"end":{"line":82,"column":41}},"type":"binary-expr","locations":[{"start":{"line":82,"column":14},"end":{"line":82,"column":27}},{"start":{"line":82,"column":31},"end":{"line":82,"column":41}}],"line":82},"3":{"loc":{"start":{"line":86,"column":13},"end":{"line":86,"column":46}},"type":"cond-expr","locations":[{"start":{"line":86,"column":29},"end":{"line":86,"column":35}},{"start":{"line":86,"column":38},"end":{"line":86,"column":46}}],"line":86},"4":{"loc":{"start":{"line":95,"column":25},"end":{"line":95,"column":77}},"type":"cond-expr","locations":[{"start":{"line":95,"column":42},"end":{"line":95,"column":55}},{"start":{"line":95,"column":58},"end":{"line":95,"column":77}}],"line":95},"5":{"loc":{"start":{"line":103,"column":25},"end":{"line":103,"column":79}},"type":"cond-expr","locations":[{"start":{"line":103,"column":42},"end":{"line":103,"column":56}},{"start":{"line":103,"column":59},"end":{"line":103,"column":79}}],"line":103}},"s":{"0":0,"1":0,"2":0,"3":0,"4":0,"5":0,"6":0,"7":0,"8":0,"9":0,"10":0,"11":0,"12":0,"13":0,"14":0,"15":0,"16":0,"17":0,"18":0,"19":0,"20":0,"21":0,"22":0,"23":0,"24":0,"25":0},"f":{"0":0,"1":0,"2":0,"3":0,"4":0,"5":0,"6":0,"7":0},"b":{"0":[0,0],"1":[0,0],"2":[0,0],"3":[0,0],"4":[0,0],"5":[0,0]}}
,"/Users/8ventures/Developer/Codeworks/legacy-project/smart-trip/client/src/pages/User/SignIn.tsx": {"path":"/Users/8ventures/Developer/Codeworks/legacy-project/smart-trip/client/src/pages/User/SignIn.tsx","statementMap":{"0":{"start":{"line":11,"column":42},"end":{"line":11,"column":57}},"1":{"start":{"line":12,"column":34},"end":{"line":15,"column":4}},"2":{"start":{"line":16,"column":30},"end":{"line":16,"column":38}},"3":{"start":{"line":18,"column":19},"end":{"line":18,"column":32}},"4":{"start":{"line":20,"column":19},"end":{"line":25,"column":3}},"5":{"start":{"line":21,"column":4},"end":{"line":24,"column":7}},"6":{"start":{"line":21,"column":32},"end":{"line":24,"column":5}},"7":{"start":{"line":27,"column":19},"end":{"line":45,"column":3}},"8":{"start":{"line":28,"column":4},"end":{"line":28,"column":22}},"9":{"start":{"line":30,"column":4},"end":{"line":44,"column":5}},"10":{"start":{"line":31,"column":19},"end":{"line":31,"column":28}},"11":{"start":{"line":33,"column":29},"end":{"line":37,"column":7}},"12":{"start":{"line":39,"column":6},"end":{"line":41,"column":7}},"13":{"start":{"line":40,"column":8},"end":{"line":40,"column":21}},"14":{"start":{"line":43,"column":6},"end":{"line":43,"column":41}},"15":{"start":{"line":47,"column":2},"end":{"line":101,"column":3}},"16":{"start":{"line":78,"column":29},"end":{"line":78,"column":71}},"17":{"start":{"line":78,"column":60},"end":{"line":78,"column":70}}},"fnMap":{"0":{"name":"SignIn","decl":{"start":{"line":10,"column":9},"end":{"line":10,"column":15}},"loc":{"start":{"line":10,"column":18},"end":{"line":102,"column":1}},"line":10},"1":{"name":"(anonymous_1)","decl":{"start":{"line":20,"column":19},"end":{"line":20,"column":20}},"loc":{"start":{"line":20,"column":63},"end":{"line":25,"column":3}},"line":20},"2":{"name":"(anonymous_2)","decl":{"start":{"line":21,"column":16},"end":{"line":21,"column":17}},"loc":{"start":{"line":21,"column":32},"end":{"line":24,"column":5}},"line":21},"3":{"name":"(anonymous_3)","decl":{"start":{"line":27,"column":19},"end":{"line":27,"column":20}},"loc":{"start":{"line":27,"column":71},"end":{"line":45,"column":3}},"line":27},"4":{"name":"(anonymous_4)","decl":{"start":{"line":78,"column":23},"end":{"line":78,"column":24}},"loc":{"start":{"line":78,"column":29},"end":{"line":78,"column":71}},"line":78},"5":{"name":"(anonymous_5)","decl":{"start":{"line":78,"column":45},"end":{"line":78,"column":46}},"loc":{"start":{"line":78,"column":60},"end":{"line":78,"column":70}},"line":78}},"branchMap":{"0":{"loc":{"start":{"line":39,"column":6},"end":{"line":41,"column":7}},"type":"if","locations":[{"start":{"line":39,"column":6},"end":{"line":41,"column":7}},{"start":{},"end":{}}],"line":39},"1":{"loc":{"start":{"line":66,"column":20},"end":{"line":66,"column":54}},"type":"cond-expr","locations":[{"start":{"line":66,"column":35},"end":{"line":66,"column":41}},{"start":{"line":66,"column":44},"end":{"line":66,"column":54}}],"line":66}},"s":{"0":0,"1":0,"2":0,"3":0,"4":0,"5":0,"6":0,"7":0,"8":0,"9":0,"10":0,"11":0,"12":0,"13":0,"14":0,"15":0,"16":0,"17":0},"f":{"0":0,"1":0,"2":0,"3":0,"4":0,"5":0},"b":{"0":[0,0],"1":[0,0]}}
,"/Users/8ventures/Developer/Codeworks/legacy-project/smart-trip/client/src/pages/User/SignUp.tsx": {"path":"/Users/8ventures/Developer/Codeworks/legacy-project/smart-trip/client/src/pages/User/SignUp.tsx","statementMap":{"0":{"start":{"line":18,"column":42},"end":{"line":18,"column":57}},"1":{"start":{"line":19,"column":34},"end":{"line":23,"column":4}},"2":{"start":{"line":24,"column":36},"end":{"line":24,"column":44}},"3":{"start":{"line":26,"column":19},"end":{"line":26,"column":32}},"4":{"start":{"line":28,"column":19},"end":{"line":33,"column":3}},"5":{"start":{"line":29,"column":4},"end":{"line":32,"column":7}},"6":{"start":{"line":29,"column":32},"end":{"line":32,"column":5}},"7":{"start":{"line":35,"column":19},"end":{"line":67,"column":3}},"8":{"start":{"line":36,"column":4},"end":{"line":36,"column":22}},"9":{"start":{"line":38,"column":4},"end":{"line":66,"column":5}},"10":{"start":{"line":39,"column":19},"end":{"line":39,"column":28}},"11":{"start":{"line":41,"column":29},"end":{"line":45,"column":7}},"12":{"start":{"line":47,"column":19},"end":{"line":47,"column":38}},"13":{"start":{"line":49,"column":6},"end":{"line":55,"column":7}},"14":{"start":{"line":50,"column":8},"end":{"line":52,"column":10}},"15":{"start":{"line":54,"column":8},"end":{"line":54,"column":61}},"16":{"start":{"line":57,"column":33},"end":{"line":57,"column":78}},"17":{"start":{"line":58,"column":6},"end":{"line":58,"column":44}},"18":{"start":{"line":60,"column":6},"end":{"line":60,"column":56}},"19":{"start":{"line":62,"column":6},"end":{"line":62,"column":20}},"20":{"start":{"line":64,"column":6},"end":{"line":64,"column":24}},"21":{"start":{"line":65,"column":6},"end":{"line":65,"column":59}},"22":{"start":{"line":69,"column":2},"end":{"line":131,"column":3}},"23":{"start":{"line":108,"column":29},"end":{"line":108,"column":71}},"24":{"start":{"line":108,"column":60},"end":{"line":108,"column":70}}},"fnMap":{"0":{"name":"SignUp","decl":{"start":{"line":17,"column":9},"end":{"line":17,"column":15}},"loc":{"start":{"line":17,"column":18},"end":{"line":132,"column":1}},"line":17},"1":{"name":"(anonymous_1)","decl":{"start":{"line":28,"column":19},"end":{"line":28,"column":20}},"loc":{"start":{"line":28,"column":63},"end":{"line":33,"column":3}},"line":28},"2":{"name":"(anonymous_2)","decl":{"start":{"line":29,"column":16},"end":{"line":29,"column":17}},"loc":{"start":{"line":29,"column":32},"end":{"line":32,"column":5}},"line":29},"3":{"name":"(anonymous_3)","decl":{"start":{"line":35,"column":19},"end":{"line":35,"column":20}},"loc":{"start":{"line":35,"column":71},"end":{"line":67,"column":3}},"line":35},"4":{"name":"(anonymous_4)","decl":{"start":{"line":108,"column":23},"end":{"line":108,"column":24}},"loc":{"start":{"line":108,"column":29},"end":{"line":108,"column":71}},"line":108},"5":{"name":"(anonymous_5)","decl":{"start":{"line":108,"column":45},"end":{"line":108,"column":46}},"loc":{"start":{"line":108,"column":60},"end":{"line":108,"column":70}},"line":108}},"branchMap":{"0":{"loc":{"start":{"line":49,"column":6},"end":{"line":55,"column":7}},"type":"if","locations":[{"start":{"line":49,"column":6},"end":{"line":55,"column":7}},{"start":{"line":53,"column":13},"end":{"line":55,"column":7}}],"line":49},"1":{"loc":{"start":{"line":96,"column":20},"end":{"line":96,"column":54}},"type":"cond-expr","locations":[{"start":{"line":96,"column":35},"end":{"line":96,"column":41}},{"start":{"line":96,"column":44},"end":{"line":96,"column":54}}],"line":96}},"s":{"0":0,"1":0,"2":0,"3":0,"4":0,"5":0,"6":0,"7":0,"8":0,"9":0,"10":0,"11":0,"12":0,"13":0,"14":0,"15":0,"16":0,"17":0,"18":0,"19":0,"20":0,"21":0,"22":0,"23":0,"24":0},"f":{"0":0,"1":0,"2":0,"3":0,"4":0,"5":0},"b":{"0":[0,0],"1":[0,0]}}
}
