TN:
SF:src\App.tsx
FN:15,App
FNF:1
FNH:1
FNDA:1,App
DA:17,1
LF:1
LH:1
BRF:0
BRH:0
end_of_record
TN:
SF:src\TravelAdvisorAPI.ts
FN:3,(anonymous_0)
FNF:1
FNH:0
FNDA:0,(anonymous_0)
DA:3,1
DA:4,0
DA:5,0
DA:18,0
DA:20,0
DA:22,0
LF:6
LH:1
BRF:0
BRH:0
end_of_record
TN:
SF:src\firebase.config.ts
FNF:0
FNH:0
DA:4,2
DA:14,2
DA:15,2
LF:3
LH:3
BRF:0
BRH:0
end_of_record
TN:
SF:src\index.tsx
FNF:0
FNH:0
DA:8,0
DA:9,0
DA:15,0
LF:3
LH:0
BRF:0
BRH:0
end_of_record
TN:
SF:src\mockPlaces.ts
FNF:0
FNH:0
DA:3,5
LF:1
LH:1
BRF:0
BRH:0
end_of_record
TN:
SF:src\reportWebVitals.ts
FN:3,(anonymous_0)
FN:5,(anonymous_1)
FNF:2
FNH:0
FNDA:0,(anonymous_0)
FNDA:0,(anonymous_1)
DA:3,0
DA:4,0
DA:5,0
DA:6,0
DA:7,0
DA:8,0
DA:9,0
DA:10,0
LF:8
LH:0
BRDA:4,0,0,0
BRDA:4,0,1,0
BRDA:4,1,0,0
BRDA:4,1,1,0
BRF:4
BRH:0
end_of_record
TN:
SF:src\types.ts
FNF:0
FNH:0
LF:0
LH:0
BRF:0
BRH:0
end_of_record
TN:
SF:src\useAuthStatus.ts
FN:4,(anonymous_0)
FN:9,(anonymous_1)
FN:12,(anonymous_2)
FN:20,(anonymous_3)
FNF:4
FNH:0
FNDA:0,(anonymous_0)
FNDA:0,(anonymous_1)
FNDA:0,(anonymous_2)
FNDA:0,(anonymous_3)
DA:4,1
DA:5,0
DA:6,0
DA:7,0
DA:9,0
DA:10,0
DA:11,0
DA:12,0
DA:13,0
DA:14,0
DA:16,0
DA:20,0
DA:21,0
DA:25,0
LF:14
LH:1
BRDA:10,0,0,0
BRDA:10,0,1,0
BRDA:13,1,0,0
BRDA:13,1,1,0
BRF:4
BRH:0
end_of_record
TN:
SF:src\apiService\openAI.apiService.ts
FN:31,sendMessageToChatGPT
FNF:1
FNH:0
FNDA:0,sendMessageToChatGPT
DA:32,0
DA:39,0
DA:40,0
DA:41,0
DA:42,0
DA:43,0
DA:45,0
DA:46,0
DA:49,0
DA:50,0
LF:10
LH:0
BRDA:41,0,0,0
BRDA:41,0,1,0
BRF:2
BRH:0
end_of_record
TN:
SF:src\components\OAuth.tsx
FN:9,OAuth
FN:13,(anonymous_1)
FNF:2
FNH:1
FNDA:14,OAuth
FNDA:0,(anonymous_1)
DA:10,14
DA:11,14
DA:13,5
DA:14,0
DA:15,0
DA:16,0
DA:17,0
DA:18,0
DA:21,0
DA:22,0
DA:25,0
DA:26,0
DA:32,0
DA:34,0
DA:38,5
LF:15
LH:4
BRDA:25,0,0,0
BRDA:25,0,1,0
BRDA:40,1,0,0
BRDA:40,1,1,5
BRF:4
BRH:1
end_of_record
TN:
SF:src\components\PrivateRoute.tsx
FN:6,(anonymous_0)
FNF:1
FNH:1
FNDA:2,(anonymous_0)
DA:6,2
DA:7,2
DA:9,2
DA:10,1
DA:13,1
LF:5
LH:5
BRDA:9,0,0,1
BRDA:9,0,1,1
BRDA:13,1,0,1
BRDA:13,1,1,0
BRF:4
BRH:3
end_of_record
TN:
SF:src\components\Header\Header.tsx
FN:14,(anonymous_0)
FN:18,(anonymous_1)
FNF:2
FNH:1
FNDA:6,(anonymous_0)
FNDA:0,(anonymous_1)
DA:14,3
DA:15,6
DA:16,6
DA:18,0
LF:4
LH:3
BRF:0
BRH:0
end_of_record
TN:
SF:src\components\List\List.tsx
FN:15,(anonymous_0)
FN:27,(anonymous_1)
FN:34,(anonymous_2)
FNF:3
FNH:3
FNDA:7,(anonymous_0)
FNDA:1,(anonymous_1)
FNDA:2,(anonymous_2)
DA:15,3
DA:16,7
DA:27,1
DA:35,2
LF:4
LH:4
BRDA:19,0,0,3
BRDA:19,0,1,4
BRF:2
BRH:2
end_of_record
TN:
SF:src\components\Map\Map.tsx
FN:19,(anonymous_0)
FN:34,(anonymous_1)
FN:47,callback
FN:52,callback
FN:89,(anonymous_4)
FN:112,(anonymous_5)
FN:128,(anonymous_6)
FN:136,(anonymous_7)
FN:154,(anonymous_8)
FNF:9
FNH:3
FNDA:4,(anonymous_0)
FNDA:2,(anonymous_1)
FNDA:0,callback
FNDA:0,callback
FNDA:0,(anonymous_4)
FNDA:2,(anonymous_5)
FNDA:0,(anonymous_6)
FNDA:0,(anonymous_7)
FNDA:0,(anonymous_8)
DA:19,2
DA:25,4
DA:29,4
DA:34,4
DA:35,4
DA:36,4
DA:38,4
DA:44,4
DA:45,4
DA:47,4
DA:48,0
DA:51,4
DA:53,0
DA:54,0
DA:55,0
DA:56,0
DA:62,0
DA:68,0
DA:70,0
DA:71,0
DA:73,0
DA:74,0
DA:75,0
DA:80,0
DA:83,0
DA:88,4
DA:90,0
DA:91,0
DA:92,0
DA:94,0
DA:95,0
DA:97,0
DA:98,0
DA:99,0
DA:101,0
DA:102,0
DA:103,0
DA:112,4
DA:113,2
DA:114,0
DA:118,4
DA:129,0
DA:137,0
DA:154,0
LF:44
LH:15
BRDA:90,0,0,0
BRDA:90,0,1,0
BRDA:113,1,0,0
BRDA:113,1,1,2
BRDA:118,2,0,0
BRDA:118,2,1,4
BRDA:137,3,0,0
BRDA:137,3,1,0
BRDA:143,4,0,0
BRDA:143,4,1,0
BRF:10
BRH:2
end_of_record
TN:
SF:src\components\Map\mapStyling.ts
FNF:0
FNH:0
DA:2,2
LF:1
LH:1
BRF:0
BRH:0
end_of_record
TN:
SF:src\components\Navbar\Navbar.tsx
FN:8,Navbar
FN:12,(anonymous_1)
FN:22,(anonymous_2)
FN:38,(anonymous_3)
FN:54,(anonymous_4)
FNF:5
FNH:4
FNDA:6,Navbar
FNDA:36,(anonymous_1)
FNDA:1,(anonymous_2)
FNDA:1,(anonymous_3)
FNDA:0,(anonymous_4)
DA:9,6
DA:10,6
DA:12,6
DA:13,36
DA:14,4
DA:18,6
DA:22,1
DA:38,1
DA:54,0
LF:9
LH:8
BRDA:13,0,0,4
BRDA:13,0,1,32
BRDA:24,1,0,1
BRDA:24,1,1,5
BRDA:30,2,0,1
BRDA:30,2,1,5
BRDA:40,3,0,1
BRDA:40,3,1,5
BRDA:46,4,0,1
BRDA:46,4,1,5
BRDA:56,5,0,0
BRDA:56,5,1,6
BRDA:62,6,0,0
BRDA:62,6,1,6
BRF:14
BRH:12
end_of_record
TN:
SF:src\components\PlaceDetails\PlaceDetails.tsx
FN:9,(anonymous_0)
FN:35,(anonymous_1)
FN:53,(anonymous_2)
FN:56,(anonymous_3)
FNF:4
FNH:4
FNDA:4,(anonymous_0)
FNDA:20,(anonymous_1)
FNDA:1,(anonymous_2)
FNDA:1,(anonymous_3)
DA:9,4
DA:11,4
DA:36,20
DA:53,1
DA:56,1
LF:5
LH:5
BRDA:17,0,0,4
BRDA:17,0,1,0
BRDA:40,1,0,4
BRDA:40,1,1,4
BRDA:46,2,0,4
BRDA:46,2,1,4
BRF:6
BRH:5
end_of_record
TN:
SF:src\components\Search\Search.tsx
FN:16,(anonymous_0)
FN:29,(anonymous_1)
FN:34,(anonymous_2)
FN:39,(anonymous_3)
FN:42,(anonymous_4)
FN:56,(anonymous_5)
FN:57,(anonymous_6)
FN:66,(anonymous_7)
FNF:8
FNH:8
FNDA:10,(anonymous_0)
FNDA:1,(anonymous_1)
FNDA:1,(anonymous_2)
FNDA:1,(anonymous_3)
FNDA:1,(anonymous_4)
FNDA:4,(anonymous_5)
FNDA:8,(anonymous_6)
FNDA:1,(anonymous_7)
DA:16,4
DA:17,10
DA:18,10
DA:25,10
DA:29,10
DA:30,1
DA:31,1
DA:34,10
DA:35,1
DA:36,1
DA:39,10
DA:40,1
DA:41,1
DA:42,1
DA:43,1
DA:44,1
DA:45,1
DA:46,1
DA:47,0
DA:48,0
DA:50,1
DA:53,1
DA:56,10
DA:57,4
DA:61,8
DA:62,8
DA:66,1
DA:76,4
DA:83,10
LF:29
LH:27
BRDA:94,0,0,10
BRDA:94,0,1,4
BRF:2
BRH:2
end_of_record
TN:
SF:src\components\Spinner\Spinner.tsx
FN:4,(anonymous_0)
FNF:1
FNH:1
FNDA:6,(anonymous_0)
DA:4,5
DA:5,6
LF:2
LH:2
BRF:0
BRH:0
end_of_record
TN:
SF:src\pages\Chat\Chat.tsx
FN:20,ChatGPT
FN:29,(anonymous_1)
FN:37,(anonymous_2)
FN:69,(anonymous_3)
FN:73,(anonymous_4)
FN:88,(anonymous_5)
FN:89,(anonymous_6)
FN:102,(anonymous_7)
FNF:8
FNH:6
FNDA:13,ChatGPT
FNDA:1,(anonymous_1)
FNDA:3,(anonymous_2)
FNDA:2,(anonymous_3)
FNDA:0,(anonymous_4)
FNDA:4,(anonymous_5)
FNDA:0,(anonymous_6)
FNDA:5,(anonymous_7)
DA:21,13
DA:22,13
DA:26,13
DA:27,13
DA:29,13
DA:30,1
DA:31,1
DA:37,13
DA:38,3
DA:39,1
DA:42,2
DA:43,2
DA:44,2
DA:46,2
DA:50,2
DA:51,2
DA:52,2
DA:53,2
DA:54,2
DA:55,2
DA:56,1
DA:60,1
DA:64,1
DA:65,1
DA:69,13
DA:70,2
DA:73,13
DA:76,0
DA:77,0
DA:81,13
DA:89,4
DA:103,5
LF:32
LH:30
BRDA:38,0,0,1
BRDA:38,0,1,2
BRDA:42,1,0,2
BRDA:42,1,1,0
BRDA:55,2,0,1
BRDA:55,2,1,1
BRDA:55,3,0,2
BRDA:55,3,1,2
BRDA:76,4,0,0
BRDA:76,4,1,0
BRDA:96,5,0,4
BRDA:96,5,1,9
BRDA:125,6,0,13
BRDA:125,6,1,2
BRF:14
BRH:11
end_of_record
TN:
SF:src\pages\Explore\Explore.tsx
FN:8,Explore
FN:21,(anonymous_1)
FN:24,(anonymous_2)
FN:26,(anonymous_3)
FNF:4
FNH:2
FNDA:4,Explore
FNDA:2,(anonymous_1)
FNDA:0,(anonymous_2)
FNDA:0,(anonymous_3)
DA:10,4
DA:11,4
DA:16,4
DA:17,4
DA:18,4
DA:19,4
DA:21,4
DA:22,2
DA:23,2
DA:24,2
DA:25,0
DA:26,0
DA:27,0
DA:32,4
LF:14
LH:11
BRDA:22,0,0,2
BRDA:22,0,1,0
BRDA:22,1,0,2
BRDA:22,1,1,2
BRDA:26,2,0,0
BRDA:26,2,1,0
BRF:6
BRH:3
end_of_record
TN:
SF:src\pages\Home\Home.tsx
FN:4,(anonymous_0)
FNF:1
FNH:1
FNDA:2,(anonymous_0)
DA:4,2
DA:6,2
LF:2
LH:2
BRF:0
BRH:0
end_of_record
TN:
SF:src\pages\User\ForgotPassword.tsx
FN:8,ForgotPassword
FN:11,(anonymous_1)
FN:13,(anonymous_2)
FNF:3
FNH:3
FNDA:5,ForgotPassword
FNDA:2,(anonymous_1)
FNDA:2,(anonymous_2)
DA:9,5
DA:11,5
DA:13,5
DA:14,2
DA:15,2
DA:16,2
DA:17,2
DA:18,1
DA:20,1
DA:24,5
LF:10
LH:10
BRF:0
BRH:0
end_of_record
TN:
SF:src\pages\User\Profile.tsx
FN:12,Profile
FN:22,(anonymous_1)
FN:35,(anonymous_2)
FN:40,(anonymous_3)
FN:60,(anonymous_4)
FN:61,(anonymous_5)
FN:81,(anonymous_6)
FN:83,(anonymous_7)
FNF:8
FNH:2
FNDA:2,Profile
FNDA:1,(anonymous_1)
FNDA:0,(anonymous_2)
FNDA:0,(anonymous_3)
FNDA:0,(anonymous_4)
FNDA:0,(anonymous_5)
FNDA:0,(anonymous_6)
FNDA:0,(anonymous_7)
DA:13,2
DA:14,2
DA:15,2
DA:20,2
DA:22,2
DA:24,1
DA:25,1
DA:33,2
DA:35,2
DA:36,0
DA:37,0
DA:40,2
DA:41,0
DA:42,0
DA:44,0
DA:49,0
DA:50,0
DA:55,0
DA:56,0
DA:60,2
DA:61,0
DA:67,2
DA:82,0
DA:83,0
LF:24
LH:12
BRDA:24,0,0,1
BRDA:24,0,1,0
BRDA:42,1,0,0
BRDA:42,1,1,0
BRDA:82,2,0,0
BRDA:82,2,1,0
BRDA:86,3,0,0
BRDA:86,3,1,2
BRDA:95,4,0,2
BRDA:95,4,1,0
BRDA:103,5,0,2
BRDA:103,5,1,0
BRF:12
BRH:4
end_of_record
TN:
SF:src\pages\User\SignIn.tsx
FN:10,SignIn
FN:20,(anonymous_1)
FN:21,(anonymous_2)
FN:27,(anonymous_3)
FN:78,(anonymous_4)
FN:78,(anonymous_5)
FNF:6
FNH:1
FNDA:5,SignIn
FNDA:0,(anonymous_1)
FNDA:0,(anonymous_2)
FNDA:0,(anonymous_3)
FNDA:0,(anonymous_4)
FNDA:0,(anonymous_5)
DA:11,5
DA:12,4
DA:16,4
DA:18,4
DA:20,4
DA:21,0
DA:27,4
DA:28,0
DA:30,0
DA:31,0
DA:33,0
DA:39,0
DA:40,0
DA:43,0
DA:47,4
DA:78,0
LF:16
LH:7
BRDA:39,0,0,0
BRDA:39,0,1,0
BRDA:66,1,0,0
BRDA:66,1,1,4
BRF:4
BRH:1
end_of_record
TN:
SF:src\pages\User\SignUp.tsx
FN:17,SignUp
FN:28,(anonymous_1)
FN:29,(anonymous_2)
FN:35,(anonymous_3)
FN:108,(anonymous_4)
FN:108,(anonymous_5)
FNF:6
FNH:4
FNDA:5,SignUp
FNDA:3,(anonymous_1)
FNDA:3,(anonymous_2)
FNDA:1,(anonymous_3)
FNDA:0,(anonymous_4)
FNDA:0,(anonymous_5)
DA:18,5
DA:19,5
DA:24,5
DA:26,5
DA:28,5
DA:29,3
DA:35,5
DA:36,1
DA:38,1
DA:39,1
DA:41,1
DA:47,0
DA:49,0
DA:50,0
DA:54,0
DA:57,0
DA:58,0
DA:60,0
DA:62,0
DA:64,1
DA:65,1
DA:69,5
DA:108,0
LF:23
LH:14
BRDA:49,0,0,0
BRDA:49,0,1,0
BRDA:96,1,0,0
BRDA:96,1,1,5
BRF:4
BRH:1
end_of_record
